2021-07-01 23:15:38,723 - root - setup_logger - INFO - Setting the appropriate input and config file paths
2021-07-01 23:15:38,723 - root - setup_logger - INFO - Initialising input variables
2021-07-01 23:15:38,852 - database.pgsql - get_properties_with_no_real_address_and_sale_history_attempted - INFO - retrieved 5 properties with no real address but has a postcode and a sales history attempted
2021-07-01 23:15:38,863 - database.pgsql - get_sale_history_for_property_id - INFO - retrived '1' sale histories for propert id 'aeab7f24-d447-466a-92a0-b62851fc8adb'
2021-07-01 23:15:38,865 - rightmove.rm_area_sale_history - get_area_sale_history_page - INFO - getting area sale history page
2021-07-01 23:15:39,287 - client.client - get_page_for_url - INFO - Url = https://rightmove.co.uk/house-prices/cm1-1gn.html?page=1, Status = 200
2021-07-01 23:15:39,287 - rightmove.rm_area_sale_history - get_area_sale_history_page - INFO - got area sale history page
2021-07-01 23:15:39,287 - rightmove.rm_area_sale_history - get_area_sale_history_json - INFO - extracted sale history json successfully
2021-07-01 23:15:39,287 - rightmove.rm_area_sale_history - get_area_sale_history_result_count - INFO - got 52 sales results
2021-07-01 23:15:39,288 - rightmove.rm_area_sale_history - get_area_sale_history_properties - INFO - extracted properties successfully
2021-07-01 23:15:44,293 - rightmove.rm_area_sale_history - get_area_sale_history_page - INFO - getting area sale history page
2021-07-01 23:15:44,484 - client.client - get_page_for_url - INFO - Url = https://rightmove.co.uk/house-prices/cm1-1gn.html?page=2, Status = 200
2021-07-01 23:15:44,484 - rightmove.rm_area_sale_history - get_area_sale_history_page - INFO - got area sale history page
2021-07-01 23:15:44,485 - rightmove.rm_area_sale_history - get_area_sale_history_json - INFO - extracted sale history json successfully
2021-07-01 23:15:44,485 - rightmove.rm_area_sale_history - get_area_sale_history_properties - INFO - extracted properties successfully
2021-07-01 23:15:46,498 - rightmove.rm_area_sale_history - get_area_sale_history_page - INFO - getting area sale history page
2021-07-01 23:15:46,639 - client.client - get_page_for_url - INFO - Url = https://rightmove.co.uk/house-prices/cm1-1gn.html?page=3, Status = 200
2021-07-01 23:15:46,639 - rightmove.rm_area_sale_history - get_area_sale_history_page - INFO - got area sale history page
2021-07-01 23:15:46,639 - rightmove.rm_area_sale_history - get_area_sale_history_json - INFO - extracted sale history json successfully
2021-07-01 23:15:46,639 - rightmove.rm_area_sale_history - get_area_sale_history_properties - INFO - extracted properties successfully
2021-07-01 23:15:46,639 - rightmove.rm_area_sale_history - get_address_for_property - INFO - property sale date 2006, sale price 209495
2021-07-01 23:15:46,639 - rightmove.rm_area_sale_history - get_address_for_property - INFO - Located address - Flat 15, Wells Crescent, Marconi Plaza, Chelmsford, Essex CM1 1GN
2021-07-01 23:15:46,644 - database.pgsql - get_sale_history_for_property_id - INFO - retrived '1' sale histories for propert id 'ef6808f1-d6fe-44e3-8654-02dacde9c105'
2021-07-01 23:15:46,644 - rightmove.rm_area_sale_history - get_area_sale_history_page - INFO - getting area sale history page
2021-07-01 23:15:46,912 - client.client - get_page_for_url - INFO - Url = https://rightmove.co.uk/house-prices/cm77-7wa.html?page=1, Status = 200
2021-07-01 23:15:46,912 - rightmove.rm_area_sale_history - get_area_sale_history_page - INFO - got area sale history page
2021-07-01 23:15:46,912 - rightmove.rm_area_sale_history - get_area_sale_history_json - INFO - extracted sale history json successfully
2021-07-01 23:15:46,912 - rightmove.rm_area_sale_history - get_area_sale_history_result_count - INFO - got 70 sales results
2021-07-01 23:15:46,912 - rightmove.rm_area_sale_history - get_area_sale_history_properties - INFO - extracted properties successfully
2021-07-01 23:15:50,920 - rightmove.rm_area_sale_history - get_area_sale_history_page - INFO - getting area sale history page
2021-07-01 23:15:51,174 - client.client - get_page_for_url - INFO - Url = https://rightmove.co.uk/house-prices/cm77-7wa.html?page=2, Status = 200
2021-07-01 23:15:51,174 - rightmove.rm_area_sale_history - get_area_sale_history_page - INFO - got area sale history page
2021-07-01 23:15:51,174 - rightmove.rm_area_sale_history - get_area_sale_history_json - INFO - extracted sale history json successfully
2021-07-01 23:15:51,174 - rightmove.rm_area_sale_history - get_area_sale_history_properties - INFO - extracted properties successfully
2021-07-01 23:15:56,190 - rightmove.rm_area_sale_history - get_area_sale_history_page - INFO - getting area sale history page
2021-07-01 23:15:56,365 - client.client - get_page_for_url - INFO - Url = https://rightmove.co.uk/house-prices/cm77-7wa.html?page=3, Status = 200
2021-07-01 23:15:56,365 - rightmove.rm_area_sale_history - get_area_sale_history_page - INFO - got area sale history page
2021-07-01 23:15:56,365 - rightmove.rm_area_sale_history - get_area_sale_history_json - INFO - extracted sale history json successfully
2021-07-01 23:15:56,365 - rightmove.rm_area_sale_history - get_area_sale_history_properties - INFO - extracted properties successfully
2021-07-01 23:15:56,365 - rightmove.rm_area_sale_history - get_address_for_property - INFO - property sale date 1995, sale price 68500
2021-07-01 23:15:56,366 - rightmove.rm_area_sale_history - get_address_for_property - INFO - Located address - 20, Pochard Way, Great Notley, Braintree, Essex CM77 7WA
2021-07-01 23:15:56,370 - database.pgsql - get_sale_history_for_property_id - INFO - retrived '1' sale histories for propert id '049f36b0-6818-4eca-a676-dc476ca6d672'
2021-07-01 23:15:56,370 - rightmove.rm_area_sale_history - get_area_sale_history_page - INFO - getting area sale history page
2021-07-01 23:15:57,016 - client.client - get_page_for_url - INFO - Url = https://rightmove.co.uk/house-prices/ss16-6sx.html?page=1, Status = 200
2021-07-01 23:15:57,016 - rightmove.rm_area_sale_history - get_area_sale_history_page - INFO - got area sale history page
2021-07-01 23:15:57,016 - rightmove.rm_area_sale_history - get_area_sale_history_json - INFO - extracted sale history json successfully
2021-07-01 23:15:57,016 - rightmove.rm_area_sale_history - get_area_sale_history_result_count - INFO - got 87 sales results
2021-07-01 23:15:57,016 - rightmove.rm_area_sale_history - get_area_sale_history_properties - INFO - extracted properties successfully
2021-07-01 23:16:02,030 - rightmove.rm_area_sale_history - get_area_sale_history_page - INFO - getting area sale history page
2021-07-01 23:16:02,277 - client.client - get_page_for_url - INFO - Url = https://rightmove.co.uk/house-prices/ss16-6sx.html?page=2, Status = 200
2021-07-01 23:16:02,277 - rightmove.rm_area_sale_history - get_area_sale_history_page - INFO - got area sale history page
2021-07-01 23:16:02,277 - rightmove.rm_area_sale_history - get_area_sale_history_json - INFO - extracted sale history json successfully
2021-07-01 23:16:02,277 - rightmove.rm_area_sale_history - get_area_sale_history_properties - INFO - extracted properties successfully
2021-07-01 23:16:06,279 - rightmove.rm_area_sale_history - get_area_sale_history_page - INFO - getting area sale history page
2021-07-01 23:16:06,528 - client.client - get_page_for_url - INFO - Url = https://rightmove.co.uk/house-prices/ss16-6sx.html?page=3, Status = 200
2021-07-01 23:16:06,528 - rightmove.rm_area_sale_history - get_area_sale_history_page - INFO - got area sale history page
2021-07-01 23:16:06,528 - rightmove.rm_area_sale_history - get_area_sale_history_json - INFO - extracted sale history json successfully
2021-07-01 23:16:06,528 - rightmove.rm_area_sale_history - get_area_sale_history_properties - INFO - extracted properties successfully
2021-07-01 23:16:11,530 - rightmove.rm_area_sale_history - get_area_sale_history_page - INFO - getting area sale history page
2021-07-01 23:16:11,691 - client.client - get_page_for_url - INFO - Url = https://rightmove.co.uk/house-prices/ss16-6sx.html?page=4, Status = 200
2021-07-01 23:16:11,691 - rightmove.rm_area_sale_history - get_area_sale_history_page - INFO - got area sale history page
2021-07-01 23:16:11,691 - rightmove.rm_area_sale_history - get_area_sale_history_json - INFO - extracted sale history json successfully
2021-07-01 23:16:11,691 - rightmove.rm_area_sale_history - get_area_sale_history_properties - INFO - extracted properties successfully
2021-07-01 23:16:11,691 - rightmove.rm_area_sale_history - get_address_for_property - INFO - property sale date 2003, sale price 124995
2021-07-01 23:16:11,692 - rightmove.rm_area_sale_history - get_address_for_property - INFO - Located address - 201, Forest Glade, Langdon Hills, Basildon, Essex SS16 6SX
2021-07-01 23:16:11,695 - database.pgsql - get_sale_history_for_property_id - INFO - retrived '1' sale histories for propert id '85fbc7aa-287c-4b7e-9afb-e02c0d634917'
2021-07-01 23:16:11,696 - rightmove.rm_area_sale_history - get_area_sale_history_page - INFO - getting area sale history page
2021-07-01 23:16:11,920 - client.client - get_page_for_url - INFO - Url = https://rightmove.co.uk/house-prices/cm12-0fp.html?page=1, Status = 200
2021-07-01 23:16:11,920 - rightmove.rm_area_sale_history - get_area_sale_history_page - INFO - got area sale history page
2021-07-01 23:16:11,920 - rightmove.rm_area_sale_history - get_area_sale_history_json - INFO - extracted sale history json successfully
2021-07-01 23:16:11,920 - rightmove.rm_area_sale_history - get_area_sale_history_result_count - INFO - got 54 sales results
2021-07-01 23:16:11,921 - rightmove.rm_area_sale_history - get_area_sale_history_properties - INFO - extracted properties successfully
2021-07-01 23:16:15,932 - rightmove.rm_area_sale_history - get_area_sale_history_page - INFO - getting area sale history page
2021-07-01 23:16:16,114 - client.client - get_page_for_url - INFO - Url = https://rightmove.co.uk/house-prices/cm12-0fp.html?page=2, Status = 200
2021-07-01 23:16:16,115 - rightmove.rm_area_sale_history - get_area_sale_history_page - INFO - got area sale history page
2021-07-01 23:16:16,117 - rightmove.rm_area_sale_history - get_area_sale_history_json - INFO - extracted sale history json successfully
2021-07-01 23:16:16,117 - rightmove.rm_area_sale_history - get_area_sale_history_properties - INFO - extracted properties successfully
2021-07-01 23:16:21,131 - rightmove.rm_area_sale_history - get_area_sale_history_page - INFO - getting area sale history page
2021-07-01 23:16:21,308 - client.client - get_page_for_url - INFO - Url = https://rightmove.co.uk/house-prices/cm12-0fp.html?page=3, Status = 200
2021-07-01 23:16:21,308 - rightmove.rm_area_sale_history - get_area_sale_history_page - INFO - got area sale history page
2021-07-01 23:16:21,308 - rightmove.rm_area_sale_history - get_area_sale_history_json - INFO - extracted sale history json successfully
2021-07-01 23:16:21,308 - rightmove.rm_area_sale_history - get_area_sale_history_properties - INFO - extracted properties successfully
2021-07-01 23:16:21,308 - rightmove.rm_area_sale_history - get_address_for_property - INFO - property sale date 1999, sale price 77500
2021-07-01 23:16:21,309 - rightmove.rm_area_sale_history - get_address_for_property - INFO - Located address - 31, Whitesmith Drive, Billericay, Essex CM12 0FP
2021-07-01 23:16:21,312 - database.pgsql - get_sale_history_for_property_id - INFO - retrived '1' sale histories for propert id '520c921e-9e96-4f15-a15a-0407dd754922'
2021-07-01 23:16:21,313 - rightmove.rm_area_sale_history - get_area_sale_history_page - INFO - getting area sale history page
2021-07-01 23:16:21,525 - client.client - get_page_for_url - INFO - Url = https://rightmove.co.uk/house-prices/ss16-6ed.html?page=1, Status = 200
2021-07-01 23:16:21,525 - rightmove.rm_area_sale_history - get_area_sale_history_page - INFO - got area sale history page
2021-07-01 23:16:21,525 - rightmove.rm_area_sale_history - get_area_sale_history_json - INFO - extracted sale history json successfully
2021-07-01 23:16:21,525 - rightmove.rm_area_sale_history - get_area_sale_history_result_count - INFO - got 84 sales results
2021-07-01 23:16:21,525 - rightmove.rm_area_sale_history - get_area_sale_history_properties - INFO - extracted properties successfully
2021-07-01 23:16:22,540 - rightmove.rm_area_sale_history - get_area_sale_history_page - INFO - getting area sale history page
2021-07-01 23:16:22,784 - client.client - get_page_for_url - INFO - Url = https://rightmove.co.uk/house-prices/ss16-6ed.html?page=2, Status = 200
2021-07-01 23:16:22,784 - rightmove.rm_area_sale_history - get_area_sale_history_page - INFO - got area sale history page
2021-07-01 23:16:22,785 - rightmove.rm_area_sale_history - get_area_sale_history_json - INFO - extracted sale history json successfully
2021-07-01 23:16:22,785 - rightmove.rm_area_sale_history - get_area_sale_history_properties - INFO - extracted properties successfully
2021-07-01 23:16:27,786 - rightmove.rm_area_sale_history - get_area_sale_history_page - INFO - getting area sale history page
2021-07-01 23:16:28,026 - client.client - get_page_for_url - INFO - Url = https://rightmove.co.uk/house-prices/ss16-6ed.html?page=3, Status = 200
2021-07-01 23:16:28,026 - rightmove.rm_area_sale_history - get_area_sale_history_page - INFO - got area sale history page
2021-07-01 23:16:28,026 - rightmove.rm_area_sale_history - get_area_sale_history_json - INFO - extracted sale history json successfully
2021-07-01 23:16:28,026 - rightmove.rm_area_sale_history - get_area_sale_history_properties - INFO - extracted properties successfully
2021-07-01 23:16:30,040 - rightmove.rm_area_sale_history - get_area_sale_history_page - INFO - getting area sale history page
2021-07-01 23:16:30,250 - client.client - get_page_for_url - INFO - Url = https://rightmove.co.uk/house-prices/ss16-6ed.html?page=4, Status = 200
2021-07-01 23:16:30,250 - rightmove.rm_area_sale_history - get_area_sale_history_page - INFO - got area sale history page
2021-07-01 23:16:30,250 - rightmove.rm_area_sale_history - get_area_sale_history_json - INFO - extracted sale history json successfully
2021-07-01 23:16:30,250 - rightmove.rm_area_sale_history - get_area_sale_history_properties - INFO - extracted properties successfully
2021-07-01 23:16:30,250 - rightmove.rm_area_sale_history - get_address_for_property - INFO - property sale date 1996, sale price 84450
2021-07-01 23:16:30,251 - rightmove.rm_area_sale_history - get_address_for_property - INFO - Located address - 85, Northampton Grove, Langdon Hills, Basildon, Essex SS16 6ED
2021-07-01 23:16:30,264 - database.pgsql - update_real_address_value - INFO - properties real address updated = 5
2021-07-01 23:16:30,264 - rightmove.rm_area_sale_history - process_property_area_sale_histories - INFO - Properties real address updated 5
2021-07-01 23:16:30,264 - rightmove.rm_area_sale_history - run - INFO - Sleeping
2021-07-01 23:16:31,550 - root - main - INFO - Keyboard interupt received
2021-07-01 23:17:00,272 - rightmove.rm_area_sale_history - run - INFO - Exited while loop gracefully
